{"D:\\Programming\\Phaser\\main\\src\\rpgBattleSystem\\CharacterMenu.ts": {"path":"D:\\Programming\\Phaser\\main\\src\\rpgBattleSystem\\CharacterMenu.ts","statementMap":{"0":{"start":{"line":1,"column":0},"end":{"line":1,"column":16}},"1":{"start":{"line":14,"column":4},"end":{"line":14,"column":23}},"2":{"start":{"line":15,"column":4},"end":{"line":15,"column":37}},"3":{"start":{"line":16,"column":4},"end":{"line":16,"column":39}},"4":{"start":{"line":18,"column":4},"end":{"line":18,"column":29}},"5":{"start":{"line":22,"column":4},"end":{"line":25,"column":6}},"6":{"start":{"line":29,"column":22},"end":{"line":29,"column":41}},"7":{"start":{"line":30,"column":23},"end":{"line":30,"column":43}},"8":{"start":{"line":32,"column":4},"end":{"line":32,"column":56}},"9":{"start":{"line":34,"column":27},"end":{"line":34,"column":34}},"10":{"start":{"line":35,"column":30},"end":{"line":35,"column":68}},"11":{"start":{"line":37,"column":4},"end":{"line":46,"column":null}},"12":{"start":{"line":37,"column":17},"end":{"line":37,"column":18}},"13":{"start":{"line":38,"column":6},"end":{"line":45,"column":8}},"14":{"start":{"line":50,"column":4},"end":{"line":50,"column":34}},"15":{"start":{"line":54,"column":4},"end":{"line":54,"column":33}},"16":{"start":{"line":58,"column":4},"end":{"line":58,"column":31}},"17":{"start":{"line":62,"column":23},"end":{"line":62,"column":45}},"18":{"start":{"line":63,"column":22},"end":{"line":63,"column":43}},"19":{"start":{"line":65,"column":23},"end":{"line":67,"column":44}},"20":{"start":{"line":69,"column":4},"end":{"line":69,"column":43}},"21":{"start":{"line":73,"column":4},"end":{"line":73,"column":37}},"22":{"start":{"line":90,"column":20},"end":{"line":90,"column":23}},"23":{"start":{"line":91,"column":21},"end":{"line":91,"column":23}},"24":{"start":{"line":92,"column":21},"end":{"line":92,"column":24}},"25":{"start":{"line":94,"column":17},"end":{"line":97,"column":null}},"26":{"start":{"line":100,"column":15},"end":{"line":103,"column":null}},"27":{"start":{"line":106,"column":15},"end":{"line":109,"column":null}},"28":{"start":{"line":112,"column":4},"end":{"line":116,"column":6}},"29":{"start":{"line":120,"column":4},"end":{"line":125,"column":7}},"30":{"start":{"line":121,"column":25},"end":{"line":121,"column":57}},"31":{"start":{"line":123,"column":6},"end":{"line":123,"column":71}},"32":{"start":{"line":124,"column":6},"end":{"line":124,"column":71}},"33":{"start":{"line":3,"column":0},"end":{"line":3,"column":21}}},"fnMap":{"0":{"name":"(anonymous_0)","decl":{"start":{"line":9,"column":2},"end":{"line":9,"column":null}},"loc":{"start":{"line":12,"column":25},"end":{"line":19,"column":3}}},"1":{"name":"(anonymous_1)","decl":{"start":{"line":21,"column":2},"end":{"line":21,"column":9}},"loc":{"start":{"line":21,"column":9},"end":{"line":26,"column":3}}},"2":{"name":"(anonymous_2)","decl":{"start":{"line":28,"column":2},"end":{"line":28,"column":8}},"loc":{"start":{"line":28,"column":21},"end":{"line":47,"column":3}}},"3":{"name":"(anonymous_3)","decl":{"start":{"line":49,"column":2},"end":{"line":49,"column":15}},"loc":{"start":{"line":49,"column":15},"end":{"line":51,"column":3}}},"4":{"name":"(anonymous_4)","decl":{"start":{"line":53,"column":2},"end":{"line":53,"column":14}},"loc":{"start":{"line":53,"column":14},"end":{"line":55,"column":3}}},"5":{"name":"(anonymous_5)","decl":{"start":{"line":57,"column":2},"end":{"line":57,"column":19}},"loc":{"start":{"line":57,"column":19},"end":{"line":59,"column":3}}},"6":{"name":"(anonymous_6)","decl":{"start":{"line":61,"column":2},"end":{"line":61,"column":24}},"loc":{"start":{"line":61,"column":41},"end":{"line":70,"column":3}}},"7":{"name":"(anonymous_7)","decl":{"start":{"line":72,"column":2},"end":{"line":72,"column":24}},"loc":{"start":{"line":72,"column":24},"end":{"line":74,"column":3}}},"8":{"name":"(anonymous_8)","decl":{"start":{"line":76,"column":2},"end":{"line":76,"column":20}},"loc":{"start":{"line":88,"column":28},"end":{"line":117,"column":3}}},"9":{"name":"(anonymous_9)","decl":{"start":{"line":119,"column":2},"end":{"line":119,"column":8}},"loc":{"start":{"line":119,"column":33},"end":{"line":126,"column":3}}},"10":{"name":"(anonymous_10)","decl":{"start":{"line":120,"column":30},"end":{"line":120,"column":31}},"loc":{"start":{"line":120,"column":41},"end":{"line":125,"column":5}}}},"branchMap":{},"s":{"0":1,"1":1,"2":1,"3":1,"4":1,"5":0,"6":0,"7":0,"8":0,"9":0,"10":0,"11":0,"12":0,"13":0,"14":0,"15":0,"16":0,"17":0,"18":0,"19":0,"20":0,"21":0,"22":0,"23":0,"24":0,"25":0,"26":0,"27":0,"28":0,"29":0,"30":0,"31":0,"32":0,"33":1},"f":{"0":1,"1":0,"2":0,"3":0,"4":0,"5":0,"6":0,"7":0,"8":0,"9":0,"10":0},"b":{}}
,"D:\\Programming\\Phaser\\main\\src\\rpgBattleSystem\\SelectionMenu.ts": {"path":"D:\\Programming\\Phaser\\main\\src\\rpgBattleSystem\\SelectionMenu.ts","statementMap":{"0":{"start":{"line":1,"column":0},"end":{"line":1,"column":16}},"1":{"start":{"line":10,"column":10},"end":{"line":10,"column":50}},"2":{"start":{"line":13,"column":10},"end":{"line":13,"column":34}},"3":{"start":{"line":19,"column":4},"end":{"line":19,"column":23}},"4":{"start":{"line":20,"column":4},"end":{"line":20,"column":37}},"5":{"start":{"line":21,"column":4},"end":{"line":21,"column":39}},"6":{"start":{"line":23,"column":4},"end":{"line":23,"column":23}},"7":{"start":{"line":27,"column":4},"end":{"line":27,"column":64}},"8":{"start":{"line":31,"column":4},"end":{"line":34,"column":6}},"9":{"start":{"line":36,"column":4},"end":{"line":36,"column":67}},"10":{"start":{"line":40,"column":27},"end":{"line":40,"column":50}},"11":{"start":{"line":41,"column":23},"end":{"line":41,"column":43}},"12":{"start":{"line":43,"column":4},"end":{"line":43,"column":56}},"13":{"start":{"line":45,"column":4},"end":{"line":51,"column":6}},"14":{"start":{"line":53,"column":4},"end":{"line":59,"column":6}},"15":{"start":{"line":61,"column":4},"end":{"line":61,"column":68}},"16":{"start":{"line":62,"column":4},"end":{"line":62,"column":25}},"17":{"start":{"line":66,"column":26},"end":{"line":66,"column":64}},"18":{"start":{"line":69,"column":4},"end":{"line":69,"column":36}},"19":{"start":{"line":71,"column":19},"end":{"line":71,"column":38}},"20":{"start":{"line":74,"column":4},"end":{"line":74,"column":29}},"21":{"start":{"line":77,"column":4},"end":{"line":77,"column":65}},"22":{"start":{"line":78,"column":4},"end":{"line":78,"column":42}},"23":{"start":{"line":81,"column":4},"end":{"line":81,"column":37}},"24":{"start":{"line":85,"column":16},"end":{"line":85,"column":49}},"25":{"start":{"line":88,"column":4},"end":{"line":92,"column":null}},"26":{"start":{"line":89,"column":6},"end":{"line":89,"column":16}},"27":{"start":{"line":90,"column":11},"end":{"line":92,"column":null}},"28":{"start":{"line":91,"column":6},"end":{"line":91,"column":38}},"29":{"start":{"line":94,"column":4},"end":{"line":94,"column":29}},"30":{"start":{"line":99,"column":19},"end":{"line":99,"column":57}},"31":{"start":{"line":102,"column":4},"end":{"line":102,"column":28}},"32":{"start":{"line":106,"column":4},"end":{"line":106,"column":34}},"33":{"start":{"line":110,"column":4},"end":{"line":110,"column":33}},"34":{"start":{"line":114,"column":4},"end":{"line":114,"column":25}},"35":{"start":{"line":118,"column":23},"end":{"line":118,"column":45}},"36":{"start":{"line":119,"column":22},"end":{"line":119,"column":43}},"37":{"start":{"line":121,"column":23},"end":{"line":123,"column":44}},"38":{"start":{"line":125,"column":4},"end":{"line":125,"column":37}},"39":{"start":{"line":135,"column":20},"end":{"line":138,"column":6}},"40":{"start":{"line":139,"column":20},"end":{"line":139,"column":60}},"41":{"start":{"line":140,"column":4},"end":{"line":140,"column":32}},"42":{"start":{"line":141,"column":4},"end":{"line":141,"column":29}},"43":{"start":{"line":143,"column":4},"end":{"line":143,"column":31}},"44":{"start":{"line":147,"column":26},"end":{"line":147,"column":74}},"45":{"start":{"line":148,"column":28},"end":{"line":148,"column":78}},"46":{"start":{"line":149,"column":29},"end":{"line":150,"column":null}},"47":{"start":{"line":152,"column":4},"end":{"line":158,"column":null}},"48":{"start":{"line":153,"column":6},"end":{"line":153,"column":32}},"49":{"start":{"line":154,"column":11},"end":{"line":158,"column":null}},"50":{"start":{"line":155,"column":6},"end":{"line":155,"column":31}},"51":{"start":{"line":156,"column":11},"end":{"line":158,"column":null}},"52":{"start":{"line":157,"column":6},"end":{"line":157,"column":30}},"53":{"start":{"line":3,"column":0},"end":{"line":3,"column":21}}},"fnMap":{"0":{"name":"(anonymous_0)","decl":{"start":{"line":14,"column":2},"end":{"line":14,"column":null}},"loc":{"start":{"line":17,"column":25},"end":{"line":24,"column":3}}},"1":{"name":"(anonymous_1)","decl":{"start":{"line":26,"column":2},"end":{"line":26,"column":6}},"loc":{"start":{"line":26,"column":6},"end":{"line":28,"column":3}}},"2":{"name":"(anonymous_2)","decl":{"start":{"line":30,"column":2},"end":{"line":30,"column":9}},"loc":{"start":{"line":30,"column":9},"end":{"line":37,"column":3}}},"3":{"name":"(anonymous_3)","decl":{"start":{"line":39,"column":2},"end":{"line":39,"column":8}},"loc":{"start":{"line":39,"column":8},"end":{"line":63,"column":3}}},"4":{"name":"(anonymous_4)","decl":{"start":{"line":65,"column":2},"end":{"line":65,"column":14}},"loc":{"start":{"line":65,"column":28},"end":{"line":82,"column":3}}},"5":{"name":"(anonymous_5)","decl":{"start":{"line":84,"column":2},"end":{"line":84,"column":18}},"loc":{"start":{"line":84,"column":29},"end":{"line":95,"column":3}}},"6":{"name":"(anonymous_6)","decl":{"start":{"line":97,"column":2},"end":{"line":97,"column":18}},"loc":{"start":{"line":97,"column":18},"end":{"line":103,"column":3}}},"7":{"name":"(anonymous_7)","decl":{"start":{"line":105,"column":2},"end":{"line":105,"column":15}},"loc":{"start":{"line":105,"column":15},"end":{"line":107,"column":3}}},"8":{"name":"(anonymous_8)","decl":{"start":{"line":109,"column":2},"end":{"line":109,"column":14}},"loc":{"start":{"line":109,"column":14},"end":{"line":111,"column":3}}},"9":{"name":"(anonymous_9)","decl":{"start":{"line":113,"column":2},"end":{"line":113,"column":13}},"loc":{"start":{"line":113,"column":13},"end":{"line":115,"column":3}}},"10":{"name":"(anonymous_10)","decl":{"start":{"line":117,"column":2},"end":{"line":117,"column":24}},"loc":{"start":{"line":117,"column":38},"end":{"line":126,"column":3}}},"11":{"name":"(anonymous_11)","decl":{"start":{"line":128,"column":2},"end":{"line":128,"column":13}},"loc":{"start":{"line":133,"column":13},"end":{"line":144,"column":3}}},"12":{"name":"(anonymous_12)","decl":{"start":{"line":146,"column":2},"end":{"line":146,"column":8}},"loc":{"start":{"line":146,"column":8},"end":{"line":159,"column":3}}}},"branchMap":{"0":{"loc":{"start":{"line":84,"column":19},"end":{"line":84,"column":29}},"type":"default-arg","locations":[{"start":{"line":84,"column":28},"end":{"line":84,"column":29}}]},"1":{"loc":{"start":{"line":88,"column":4},"end":{"line":92,"column":null}},"type":"if","locations":[{"start":{"line":88,"column":4},"end":{"line":92,"column":null}},{"start":{"line":90,"column":11},"end":{"line":92,"column":null}}]},"2":{"loc":{"start":{"line":90,"column":11},"end":{"line":92,"column":null}},"type":"if","locations":[{"start":{"line":90,"column":11},"end":{"line":92,"column":null}}]},"3":{"loc":{"start":{"line":152,"column":4},"end":{"line":158,"column":null}},"type":"if","locations":[{"start":{"line":152,"column":4},"end":{"line":158,"column":null}},{"start":{"line":154,"column":11},"end":{"line":158,"column":null}}]},"4":{"loc":{"start":{"line":154,"column":11},"end":{"line":158,"column":null}},"type":"if","locations":[{"start":{"line":154,"column":11},"end":{"line":158,"column":null}},{"start":{"line":156,"column":11},"end":{"line":158,"column":null}}]},"5":{"loc":{"start":{"line":156,"column":11},"end":{"line":158,"column":null}},"type":"if","locations":[{"start":{"line":156,"column":11},"end":{"line":158,"column":null}}]}},"s":{"0":1,"1":1,"2":1,"3":1,"4":1,"5":1,"6":1,"7":0,"8":0,"9":0,"10":0,"11":0,"12":0,"13":0,"14":0,"15":0,"16":0,"17":0,"18":0,"19":0,"20":0,"21":0,"22":0,"23":0,"24":0,"25":0,"26":0,"27":0,"28":0,"29":0,"30":0,"31":0,"32":0,"33":0,"34":0,"35":0,"36":0,"37":0,"38":0,"39":0,"40":0,"41":0,"42":0,"43":0,"44":1,"45":0,"46":0,"47":0,"48":0,"49":0,"50":0,"51":0,"52":0,"53":1},"f":{"0":1,"1":0,"2":0,"3":0,"4":0,"5":0,"6":0,"7":0,"8":0,"9":0,"10":0,"11":0,"12":1},"b":{"0":[0],"1":[0,0],"2":[0],"3":[0,0],"4":[0,0],"5":[0]}}
,"D:\\Programming\\Phaser\\main\\src\\ticTacToe\\ticTacToe.ts": {"path":"D:\\Programming\\Phaser\\main\\src\\ticTacToe\\ticTacToe.ts","statementMap":{"0":{"start":{"line":1,"column":0},"end":{"line":1,"column":16}},"1":{"start":{"line":3,"column":0},"end":{"line":3,"column":null}},"2":{"start":{"line":4,"column":2},"end":{"line":4,"column":null}},"3":{"start":{"line":5,"column":2},"end":{"line":5,"column":null}},"4":{"start":{"line":28,"column":4},"end":{"line":28,"column":23}},"5":{"start":{"line":30,"column":4},"end":{"line":30,"column":28}},"6":{"start":{"line":31,"column":4},"end":{"line":31,"column":28}},"7":{"start":{"line":32,"column":4},"end":{"line":32,"column":24}},"8":{"start":{"line":33,"column":4},"end":{"line":33,"column":25}},"9":{"start":{"line":34,"column":4},"end":{"line":34,"column":31}},"10":{"start":{"line":35,"column":4},"end":{"line":38,"column":6}},"11":{"start":{"line":39,"column":4},"end":{"line":39,"column":31}},"12":{"start":{"line":41,"column":4},"end":{"line":41,"column":29}},"13":{"start":{"line":43,"column":4},"end":{"line":43,"column":39}},"14":{"start":{"line":45,"column":4},"end":{"line":45,"column":59}},"15":{"start":{"line":47,"column":4},"end":{"line":51,"column":6}},"16":{"start":{"line":53,"column":4},"end":{"line":57,"column":6}},"17":{"start":{"line":61,"column":4},"end":{"line":61,"column":27}},"18":{"start":{"line":65,"column":4},"end":{"line":65,"column":26}},"19":{"start":{"line":69,"column":4},"end":{"line":69,"column":58}},"20":{"start":{"line":71,"column":4},"end":{"line":71,"column":65}},"21":{"start":{"line":72,"column":4},"end":{"line":72,"column":47}},"22":{"start":{"line":73,"column":4},"end":{"line":73,"column":47}},"23":{"start":{"line":75,"column":4},"end":{"line":75,"column":55}},"24":{"start":{"line":79,"column":4},"end":{"line":79,"column":51}},"25":{"start":{"line":80,"column":4},"end":{"line":80,"column":52}},"26":{"start":{"line":82,"column":4},"end":{"line":82,"column":21}},"27":{"start":{"line":83,"column":4},"end":{"line":83,"column":24}},"28":{"start":{"line":87,"column":4},"end":{"line":87,"column":34}},"29":{"start":{"line":91,"column":4},"end":{"line":95,"column":null}},"30":{"start":{"line":92,"column":6},"end":{"line":92,"column":33}},"31":{"start":{"line":94,"column":6},"end":{"line":94,"column":33}},"32":{"start":{"line":99,"column":23},"end":{"line":102,"column":6}},"33":{"start":{"line":104,"column":4},"end":{"line":104,"column":41}},"34":{"start":{"line":108,"column":4},"end":{"line":119,"column":6}},"35":{"start":{"line":127,"column":4},"end":{"line":132,"column":6}},"36":{"start":{"line":136,"column":4},"end":{"line":136,"column":72}},"37":{"start":{"line":137,"column":4},"end":{"line":137,"column":72}},"38":{"start":{"line":141,"column":4},"end":{"line":158,"column":null}},"39":{"start":{"line":141,"column":17},"end":{"line":141,"column":18}},"40":{"start":{"line":142,"column":6},"end":{"line":157,"column":null}},"41":{"start":{"line":142,"column":19},"end":{"line":142,"column":20}},"42":{"start":{"line":143,"column":21},"end":{"line":149,"column":27}},"43":{"start":{"line":151,"column":20},"end":{"line":151,"column":25}},"44":{"start":{"line":152,"column":23},"end":{"line":152,"column":28}},"45":{"start":{"line":154,"column":8},"end":{"line":154,"column":54}},"46":{"start":{"line":155,"column":8},"end":{"line":155,"column":55}},"47":{"start":{"line":156,"column":8},"end":{"line":156,"column":45}},"48":{"start":{"line":162,"column":4},"end":{"line":162,"column":45}},"49":{"start":{"line":163,"column":4},"end":{"line":163,"column":59}},"50":{"start":{"line":167,"column":4},"end":{"line":167,"column":65}},"51":{"start":{"line":171,"column":18},"end":{"line":171,"column":22}},"52":{"start":{"line":173,"column":25},"end":{"line":173,"column":55}},"53":{"start":{"line":174,"column":38},"end":{"line":174,"column":73}},"54":{"start":{"line":176,"column":31},"end":{"line":176,"column":63}},"55":{"start":{"line":178,"column":4},"end":{"line":178,"column":54}},"56":{"start":{"line":185,"column":4},"end":{"line":187,"column":null}},"57":{"start":{"line":186,"column":6},"end":{"line":186,"column":13}},"58":{"start":{"line":189,"column":4},"end":{"line":203,"column":7}},"59":{"start":{"line":205,"column":4},"end":{"line":205,"column":34}},"60":{"start":{"line":207,"column":24},"end":{"line":207,"column":70}},"61":{"start":{"line":209,"column":4},"end":{"line":212,"column":null}},"62":{"start":{"line":210,"column":6},"end":{"line":210,"column":38}},"63":{"start":{"line":211,"column":6},"end":{"line":211,"column":13}},"64":{"start":{"line":214,"column":26},"end":{"line":214,"column":53}},"65":{"start":{"line":215,"column":4},"end":{"line":215,"column":49}},"66":{"start":{"line":217,"column":29},"end":{"line":217,"column":65}},"67":{"start":{"line":218,"column":24},"end":{"line":218,"column":49}},"68":{"start":{"line":220,"column":4},"end":{"line":229,"column":null}},"69":{"start":{"line":221,"column":6},"end":{"line":221,"column":55}},"70":{"start":{"line":222,"column":6},"end":{"line":222,"column":41}},"71":{"start":{"line":223,"column":6},"end":{"line":223,"column":21}},"72":{"start":{"line":224,"column":11},"end":{"line":229,"column":null}},"73":{"start":{"line":225,"column":6},"end":{"line":225,"column":26}},"74":{"start":{"line":226,"column":6},"end":{"line":226,"column":21}},"75":{"start":{"line":228,"column":6},"end":{"line":228,"column":37}},"76":{"start":{"line":233,"column":4},"end":{"line":233,"column":37}},"77":{"start":{"line":235,"column":4},"end":{"line":235,"column":50}},"78":{"start":{"line":235,"column":29},"end":{"line":235,"column":48}},"79":{"start":{"line":237,"column":4},"end":{"line":237,"column":41}},"80":{"start":{"line":238,"column":4},"end":{"line":238,"column":22}},"81":{"start":{"line":242,"column":4},"end":{"line":248,"column":null}},"82":{"start":{"line":242,"column":17},"end":{"line":242,"column":18}},"83":{"start":{"line":243,"column":6},"end":{"line":247,"column":null}},"84":{"start":{"line":243,"column":19},"end":{"line":243,"column":20}},"85":{"start":{"line":244,"column":8},"end":{"line":246,"column":null}},"86":{"start":{"line":245,"column":10},"end":{"line":245,"column":23}},"87":{"start":{"line":250,"column":4},"end":{"line":250,"column":16}},"88":{"start":{"line":254,"column":4},"end":{"line":254,"column":50}},"89":{"start":{"line":255,"column":4},"end":{"line":255,"column":50}},"90":{"start":{"line":259,"column":4},"end":{"line":259,"column":63}},"91":{"start":{"line":263,"column":18},"end":{"line":263,"column":70}},"92":{"start":{"line":264,"column":4},"end":{"line":264,"column":56}},"93":{"start":{"line":268,"column":4},"end":{"line":271,"column":null}},"94":{"start":{"line":269,"column":6},"end":{"line":269,"column":37}},"95":{"start":{"line":270,"column":6},"end":{"line":270,"column":13}},"96":{"start":{"line":273,"column":4},"end":{"line":277,"column":null}},"97":{"start":{"line":274,"column":6},"end":{"line":274,"column":27}},"98":{"start":{"line":275,"column":11},"end":{"line":277,"column":null}},"99":{"start":{"line":276,"column":6},"end":{"line":276,"column":27}},"100":{"start":{"line":281,"column":4},"end":{"line":281,"column":28}},"101":{"start":{"line":282,"column":4},"end":{"line":282,"column":32}},"102":{"start":{"line":286,"column":4},"end":{"line":290,"column":6}},"103":{"start":{"line":294,"column":4},"end":{"line":299,"column":null}},"104":{"start":{"line":294,"column":17},"end":{"line":294,"column":18}},"105":{"start":{"line":295,"column":6},"end":{"line":298,"column":null}},"106":{"start":{"line":295,"column":19},"end":{"line":295,"column":20}},"107":{"start":{"line":296,"column":22},"end":{"line":296,"column":48}},"108":{"start":{"line":297,"column":8},"end":{"line":297,"column":40}},"109":{"start":{"line":303,"column":4},"end":{"line":303,"column":45}},"110":{"start":{"line":307,"column":4},"end":{"line":309,"column":null}},"111":{"start":{"line":308,"column":6},"end":{"line":308,"column":18}},"112":{"start":{"line":311,"column":4},"end":{"line":311,"column":17}},"113":{"start":{"line":315,"column":17},"end":{"line":315,"column":22}},"114":{"start":{"line":317,"column":4},"end":{"line":325,"column":null}},"115":{"start":{"line":317,"column":17},"end":{"line":317,"column":18}},"116":{"start":{"line":318,"column":6},"end":{"line":324,"column":null}},"117":{"start":{"line":323,"column":8},"end":{"line":323,"column":22}},"118":{"start":{"line":327,"column":4},"end":{"line":335,"column":null}},"119":{"start":{"line":327,"column":17},"end":{"line":327,"column":18}},"120":{"start":{"line":328,"column":6},"end":{"line":334,"column":null}},"121":{"start":{"line":333,"column":8},"end":{"line":333,"column":22}},"122":{"start":{"line":337,"column":4},"end":{"line":343,"column":null}},"123":{"start":{"line":342,"column":6},"end":{"line":342,"column":20}},"124":{"start":{"line":345,"column":4},"end":{"line":345,"column":18}},"125":{"start":{"line":349,"column":22},"end":{"line":349,"column":41}},"126":{"start":{"line":350,"column":4},"end":{"line":354,"column":null}},"127":{"start":{"line":351,"column":6},"end":{"line":351,"column":24}},"128":{"start":{"line":352,"column":11},"end":{"line":354,"column":null}},"129":{"start":{"line":353,"column":6},"end":{"line":353,"column":24}},"130":{"start":{"line":356,"column":4},"end":{"line":356,"column":23}},"131":{"start":{"line":360,"column":4},"end":{"line":360,"column":22}},"132":{"start":{"line":13,"column":0},"end":{"line":13,"column":21}}},"fnMap":{"0":{"name":"(anonymous_0)","decl":{"start":{"line":3,"column":0},"end":{"line":3,"column":5}},"loc":{"start":{"line":3,"column":14},"end":{"line":6,"column":1}}},"1":{"name":"(anonymous_1)","decl":{"start":{"line":27,"column":2},"end":{"line":27,"column":null}},"loc":{"start":{"line":27,"column":2},"end":{"line":58,"column":3}}},"2":{"name":"(anonymous_2)","decl":{"start":{"line":60,"column":2},"end":{"line":60,"column":14}},"loc":{"start":{"line":60,"column":31},"end":{"line":62,"column":3}}},"3":{"name":"(anonymous_3)","decl":{"start":{"line":64,"column":2},"end":{"line":64,"column":14}},"loc":{"start":{"line":64,"column":14},"end":{"line":66,"column":3}}},"4":{"name":"(anonymous_4)","decl":{"start":{"line":68,"column":2},"end":{"line":68,"column":9}},"loc":{"start":{"line":68,"column":9},"end":{"line":76,"column":3}}},"5":{"name":"(anonymous_5)","decl":{"start":{"line":78,"column":2},"end":{"line":78,"column":8}},"loc":{"start":{"line":78,"column":8},"end":{"line":84,"column":3}}},"6":{"name":"(anonymous_6)","decl":{"start":{"line":86,"column":2},"end":{"line":86,"column":22}},"loc":{"start":{"line":86,"column":22},"end":{"line":88,"column":3}}},"7":{"name":"(anonymous_7)","decl":{"start":{"line":90,"column":2},"end":{"line":90,"column":25}},"loc":{"start":{"line":90,"column":25},"end":{"line":96,"column":3}}},"8":{"name":"(anonymous_8)","decl":{"start":{"line":98,"column":2},"end":{"line":98,"column":14}},"loc":{"start":{"line":98,"column":14},"end":{"line":105,"column":3}}},"9":{"name":"(anonymous_9)","decl":{"start":{"line":107,"column":2},"end":{"line":107,"column":21}},"loc":{"start":{"line":107,"column":74},"end":{"line":120,"column":3}}},"10":{"name":"(anonymous_10)","decl":{"start":{"line":122,"column":2},"end":{"line":122,"column":18}},"loc":{"start":{"line":125,"column":67},"end":{"line":133,"column":3}}},"11":{"name":"(anonymous_11)","decl":{"start":{"line":135,"column":2},"end":{"line":135,"column":12}},"loc":{"start":{"line":135,"column":12},"end":{"line":138,"column":3}}},"12":{"name":"(anonymous_12)","decl":{"start":{"line":140,"column":2},"end":{"line":140,"column":11}},"loc":{"start":{"line":140,"column":11},"end":{"line":159,"column":3}}},"13":{"name":"(anonymous_13)","decl":{"start":{"line":161,"column":2},"end":{"line":161,"column":13}},"loc":{"start":{"line":161,"column":48},"end":{"line":164,"column":3}}},"14":{"name":"(anonymous_14)","decl":{"start":{"line":166,"column":2},"end":{"line":166,"column":14}},"loc":{"start":{"line":166,"column":53},"end":{"line":168,"column":3}}},"15":{"name":"(anonymous_15)","decl":{"start":{"line":170,"column":2},"end":{"line":170,"column":9}},"loc":{"start":{"line":170,"column":16},"end":{"line":179,"column":3}}},"16":{"name":"(anonymous_16)","decl":{"start":{"line":181,"column":2},"end":{"line":181,"column":17}},"loc":{"start":{"line":183,"column":42},"end":{"line":230,"column":3}}},"17":{"name":"(anonymous_17)","decl":{"start":{"line":232,"column":2},"end":{"line":232,"column":7}},"loc":{"start":{"line":232,"column":15},"end":{"line":239,"column":3}}},"18":{"name":"(anonymous_18)","decl":{"start":{"line":235,"column":22},"end":{"line":235,"column":23}},"loc":{"start":{"line":235,"column":29},"end":{"line":235,"column":48}}},"19":{"name":"(anonymous_19)","decl":{"start":{"line":241,"column":2},"end":{"line":241,"column":20}},"loc":{"start":{"line":241,"column":20},"end":{"line":251,"column":3}}},"20":{"name":"(anonymous_20)","decl":{"start":{"line":253,"column":2},"end":{"line":253,"column":12}},"loc":{"start":{"line":253,"column":58},"end":{"line":256,"column":3}}},"21":{"name":"(anonymous_21)","decl":{"start":{"line":258,"column":2},"end":{"line":258,"column":17}},"loc":{"start":{"line":258,"column":63},"end":{"line":260,"column":3}}},"22":{"name":"(anonymous_22)","decl":{"start":{"line":262,"column":2},"end":{"line":262,"column":17}},"loc":{"start":{"line":262,"column":63},"end":{"line":265,"column":3}}},"23":{"name":"(anonymous_23)","decl":{"start":{"line":267,"column":2},"end":{"line":267,"column":16}},"loc":{"start":{"line":267,"column":38},"end":{"line":278,"column":3}}},"24":{"name":"(anonymous_24)","decl":{"start":{"line":280,"column":2},"end":{"line":280,"column":12}},"loc":{"start":{"line":280,"column":12},"end":{"line":283,"column":3}}},"25":{"name":"(anonymous_25)","decl":{"start":{"line":285,"column":2},"end":{"line":285,"column":18}},"loc":{"start":{"line":285,"column":18},"end":{"line":291,"column":3}}},"26":{"name":"(anonymous_26)","decl":{"start":{"line":293,"column":2},"end":{"line":293,"column":22}},"loc":{"start":{"line":293,"column":22},"end":{"line":300,"column":3}}},"27":{"name":"(anonymous_27)","decl":{"start":{"line":302,"column":2},"end":{"line":302,"column":21}},"loc":{"start":{"line":302,"column":32},"end":{"line":304,"column":3}}},"28":{"name":"(anonymous_28)","decl":{"start":{"line":306,"column":2},"end":{"line":306,"column":20}},"loc":{"start":{"line":306,"column":38},"end":{"line":312,"column":3}}},"29":{"name":"(anonymous_29)","decl":{"start":{"line":314,"column":2},"end":{"line":314,"column":18}},"loc":{"start":{"line":314,"column":40},"end":{"line":346,"column":3}}},"30":{"name":"(anonymous_30)","decl":{"start":{"line":348,"column":2},"end":{"line":348,"column":16}},"loc":{"start":{"line":348,"column":37},"end":{"line":357,"column":3}}},"31":{"name":"(anonymous_31)","decl":{"start":{"line":359,"column":2},"end":{"line":359,"column":8}},"loc":{"start":{"line":359,"column":36},"end":{"line":361,"column":3}}}},"branchMap":{"0":{"loc":{"start":{"line":3,"column":5},"end":{"line":3,"column":null}},"type":"binary-expr","locations":[{"start":{"line":3,"column":5},"end":{"line":3,"column":14}},{"start":{"line":3,"column":5},"end":{"line":3,"column":null}}]},"1":{"loc":{"start":{"line":91,"column":4},"end":{"line":95,"column":null}},"type":"if","locations":[{"start":{"line":91,"column":4},"end":{"line":95,"column":null}},{"start":{"line":93,"column":11},"end":{"line":95,"column":null}}]},"2":{"loc":{"start":{"line":185,"column":4},"end":{"line":187,"column":null}},"type":"if","locations":[{"start":{"line":185,"column":4},"end":{"line":187,"column":null}}]},"3":{"loc":{"start":{"line":209,"column":4},"end":{"line":212,"column":null}},"type":"if","locations":[{"start":{"line":209,"column":4},"end":{"line":212,"column":null}}]},"4":{"loc":{"start":{"line":220,"column":4},"end":{"line":229,"column":null}},"type":"if","locations":[{"start":{"line":220,"column":4},"end":{"line":229,"column":null}},{"start":{"line":224,"column":11},"end":{"line":229,"column":null}}]},"5":{"loc":{"start":{"line":224,"column":11},"end":{"line":229,"column":null}},"type":"if","locations":[{"start":{"line":224,"column":11},"end":{"line":229,"column":null}},{"start":{"line":227,"column":11},"end":{"line":229,"column":null}}]},"6":{"loc":{"start":{"line":244,"column":8},"end":{"line":246,"column":null}},"type":"if","locations":[{"start":{"line":244,"column":8},"end":{"line":246,"column":null}}]},"7":{"loc":{"start":{"line":268,"column":4},"end":{"line":271,"column":null}},"type":"if","locations":[{"start":{"line":268,"column":4},"end":{"line":271,"column":null}}]},"8":{"loc":{"start":{"line":268,"column":8},"end":{"line":268,"column":50}},"type":"binary-expr","locations":[{"start":{"line":268,"column":8},"end":{"line":268,"column":27}},{"start":{"line":268,"column":31},"end":{"line":268,"column":50}}]},"9":{"loc":{"start":{"line":273,"column":4},"end":{"line":277,"column":null}},"type":"if","locations":[{"start":{"line":273,"column":4},"end":{"line":277,"column":null}},{"start":{"line":275,"column":11},"end":{"line":277,"column":null}}]},"10":{"loc":{"start":{"line":275,"column":11},"end":{"line":277,"column":null}},"type":"if","locations":[{"start":{"line":275,"column":11},"end":{"line":277,"column":null}}]},"11":{"loc":{"start":{"line":307,"column":4},"end":{"line":309,"column":null}},"type":"if","locations":[{"start":{"line":307,"column":4},"end":{"line":309,"column":null}}]},"12":{"loc":{"start":{"line":318,"column":6},"end":{"line":324,"column":null}},"type":"if","locations":[{"start":{"line":318,"column":6},"end":{"line":324,"column":null}}]},"13":{"loc":{"start":{"line":319,"column":8},"end":{"line":321,"column":45}},"type":"binary-expr","locations":[{"start":{"line":319,"column":8},"end":{"line":319,"column":45}},{"start":{"line":320,"column":8},"end":{"line":320,"column":45}},{"start":{"line":321,"column":8},"end":{"line":321,"column":45}}]},"14":{"loc":{"start":{"line":328,"column":6},"end":{"line":334,"column":null}},"type":"if","locations":[{"start":{"line":328,"column":6},"end":{"line":334,"column":null}}]},"15":{"loc":{"start":{"line":329,"column":8},"end":{"line":331,"column":45}},"type":"binary-expr","locations":[{"start":{"line":329,"column":8},"end":{"line":329,"column":45}},{"start":{"line":330,"column":8},"end":{"line":330,"column":45}},{"start":{"line":331,"column":8},"end":{"line":331,"column":45}}]},"16":{"loc":{"start":{"line":337,"column":4},"end":{"line":343,"column":null}},"type":"if","locations":[{"start":{"line":337,"column":4},"end":{"line":343,"column":null}}]},"17":{"loc":{"start":{"line":338,"column":6},"end":{"line":340,"column":43}},"type":"binary-expr","locations":[{"start":{"line":338,"column":6},"end":{"line":338,"column":43}},{"start":{"line":339,"column":6},"end":{"line":339,"column":43}},{"start":{"line":340,"column":6},"end":{"line":340,"column":43}}]},"18":{"loc":{"start":{"line":350,"column":4},"end":{"line":354,"column":null}},"type":"if","locations":[{"start":{"line":350,"column":4},"end":{"line":354,"column":null}},{"start":{"line":352,"column":11},"end":{"line":354,"column":null}}]},"19":{"loc":{"start":{"line":352,"column":11},"end":{"line":354,"column":null}},"type":"if","locations":[{"start":{"line":352,"column":11},"end":{"line":354,"column":null}}]}},"s":{"0":1,"1":1,"2":1,"3":1,"4":1,"5":1,"6":1,"7":1,"8":1,"9":1,"10":1,"11":1,"12":1,"13":1,"14":1,"15":1,"16":1,"17":3,"18":2,"19":0,"20":0,"21":0,"22":0,"23":0,"24":0,"25":0,"26":0,"27":0,"28":3,"29":2,"30":1,"31":1,"32":0,"33":0,"34":0,"35":0,"36":0,"37":0,"38":0,"39":0,"40":0,"41":0,"42":0,"43":0,"44":0,"45":0,"46":0,"47":0,"48":0,"49":0,"50":0,"51":0,"52":0,"53":0,"54":0,"55":0,"56":0,"57":0,"58":0,"59":0,"60":0,"61":0,"62":0,"63":0,"64":0,"65":0,"66":0,"67":0,"68":0,"69":0,"70":0,"71":0,"72":0,"73":0,"74":0,"75":0,"76":1,"77":1,"78":1,"79":1,"80":1,"81":2,"82":2,"83":5,"84":5,"85":14,"86":1,"87":1,"88":0,"89":0,"90":0,"91":0,"92":0,"93":3,"94":1,"95":1,"96":2,"97":1,"98":1,"99":1,"100":1,"101":1,"102":2,"103":2,"104":2,"105":6,"106":6,"107":18,"108":18,"109":0,"110":2,"111":1,"112":1,"113":8,"114":8,"115":8,"116":24,"117":3,"118":8,"119":8,"120":24,"121":1,"122":8,"123":1,"124":8,"125":3,"126":3,"127":1,"128":2,"129":1,"130":3,"131":0,"132":1},"f":{"0":1,"1":1,"2":3,"3":2,"4":0,"5":0,"6":3,"7":2,"8":0,"9":0,"10":0,"11":0,"12":0,"13":0,"14":0,"15":0,"16":0,"17":1,"18":1,"19":2,"20":0,"21":0,"22":0,"23":3,"24":1,"25":2,"26":2,"27":0,"28":2,"29":8,"30":3,"31":0},"b":{"0":[1,1],"1":[1,1],"2":[0],"3":[0],"4":[0,0],"5":[0,0],"6":[1],"7":[1],"8":[3,2],"9":[1,1],"10":[1],"11":[1],"12":[3],"13":[24,13,8],"14":[1],"15":[24,11,3],"16":[1],"17":[8,4,1],"18":[1,2],"19":[1]}}
}
