TN:
SF:src\rpgBattleSystem\CharacterMenu.ts
FN:9,(anonymous_0)
FN:21,(anonymous_1)
FN:28,(anonymous_2)
FN:49,(anonymous_3)
FN:53,(anonymous_4)
FN:57,(anonymous_5)
FN:61,(anonymous_6)
FN:72,(anonymous_7)
FN:76,(anonymous_8)
FN:119,(anonymous_9)
FN:120,(anonymous_10)
FNF:11
FNH:1
FNDA:1,(anonymous_0)
FNDA:0,(anonymous_1)
FNDA:0,(anonymous_2)
FNDA:0,(anonymous_3)
FNDA:0,(anonymous_4)
FNDA:0,(anonymous_5)
FNDA:0,(anonymous_6)
FNDA:0,(anonymous_7)
FNDA:0,(anonymous_8)
FNDA:0,(anonymous_9)
FNDA:0,(anonymous_10)
DA:1,1
DA:3,1
DA:14,1
DA:15,1
DA:16,1
DA:18,1
DA:22,0
DA:29,0
DA:30,0
DA:32,0
DA:34,0
DA:35,0
DA:37,0
DA:38,0
DA:50,0
DA:54,0
DA:58,0
DA:62,0
DA:63,0
DA:65,0
DA:69,0
DA:73,0
DA:90,0
DA:91,0
DA:92,0
DA:94,0
DA:100,0
DA:106,0
DA:112,0
DA:120,0
DA:121,0
DA:123,0
DA:124,0
LF:33
LH:6
BRF:0
BRH:0
end_of_record
TN:
SF:src\rpgBattleSystem\SelectionMenu.ts
FN:14,(anonymous_0)
FN:26,(anonymous_1)
FN:30,(anonymous_2)
FN:39,(anonymous_3)
FN:65,(anonymous_4)
FN:84,(anonymous_5)
FN:97,(anonymous_6)
FN:105,(anonymous_7)
FN:109,(anonymous_8)
FN:113,(anonymous_9)
FN:117,(anonymous_10)
FN:128,(anonymous_11)
FN:146,(anonymous_12)
FNF:13
FNH:2
FNDA:1,(anonymous_0)
FNDA:0,(anonymous_1)
FNDA:0,(anonymous_2)
FNDA:0,(anonymous_3)
FNDA:0,(anonymous_4)
FNDA:0,(anonymous_5)
FNDA:0,(anonymous_6)
FNDA:0,(anonymous_7)
FNDA:0,(anonymous_8)
FNDA:0,(anonymous_9)
FNDA:0,(anonymous_10)
FNDA:0,(anonymous_11)
FNDA:1,(anonymous_12)
DA:1,1
DA:3,1
DA:10,1
DA:13,1
DA:19,1
DA:20,1
DA:21,1
DA:23,1
DA:27,0
DA:31,0
DA:36,0
DA:40,0
DA:41,0
DA:43,0
DA:45,0
DA:53,0
DA:61,0
DA:62,0
DA:66,0
DA:69,0
DA:71,0
DA:74,0
DA:77,0
DA:78,0
DA:81,0
DA:85,0
DA:88,0
DA:89,0
DA:90,0
DA:91,0
DA:94,0
DA:99,0
DA:102,0
DA:106,0
DA:110,0
DA:114,0
DA:118,0
DA:119,0
DA:121,0
DA:125,0
DA:135,0
DA:139,0
DA:140,0
DA:141,0
DA:143,0
DA:147,1
DA:148,0
DA:149,0
DA:152,0
DA:153,0
DA:154,0
DA:155,0
DA:156,0
DA:157,0
LF:54
LH:9
BRDA:84,0,0,0
BRDA:88,1,0,0
BRDA:88,1,1,0
BRDA:90,2,0,0
BRDA:152,3,0,0
BRDA:152,3,1,0
BRDA:154,4,0,0
BRDA:154,4,1,0
BRDA:156,5,0,0
BRF:9
BRH:0
end_of_record
TN:
SF:src\ticTacToe\ticTacToe.ts
FN:3,(anonymous_0)
FN:27,(anonymous_1)
FN:60,(anonymous_2)
FN:64,(anonymous_3)
FN:68,(anonymous_4)
FN:78,(anonymous_5)
FN:86,(anonymous_6)
FN:90,(anonymous_7)
FN:98,(anonymous_8)
FN:107,(anonymous_9)
FN:122,(anonymous_10)
FN:135,(anonymous_11)
FN:140,(anonymous_12)
FN:161,(anonymous_13)
FN:166,(anonymous_14)
FN:170,(anonymous_15)
FN:181,(anonymous_16)
FN:232,(anonymous_17)
FN:235,(anonymous_18)
FN:241,(anonymous_19)
FN:253,(anonymous_20)
FN:258,(anonymous_21)
FN:262,(anonymous_22)
FN:267,(anonymous_23)
FN:280,(anonymous_24)
FN:285,(anonymous_25)
FN:293,(anonymous_26)
FN:302,(anonymous_27)
FN:306,(anonymous_28)
FN:314,(anonymous_29)
FN:348,(anonymous_30)
FN:359,(anonymous_31)
FNF:32
FNH:16
FNDA:1,(anonymous_0)
FNDA:1,(anonymous_1)
FNDA:3,(anonymous_2)
FNDA:2,(anonymous_3)
FNDA:0,(anonymous_4)
FNDA:0,(anonymous_5)
FNDA:3,(anonymous_6)
FNDA:2,(anonymous_7)
FNDA:0,(anonymous_8)
FNDA:0,(anonymous_9)
FNDA:0,(anonymous_10)
FNDA:0,(anonymous_11)
FNDA:0,(anonymous_12)
FNDA:0,(anonymous_13)
FNDA:0,(anonymous_14)
FNDA:0,(anonymous_15)
FNDA:0,(anonymous_16)
FNDA:1,(anonymous_17)
FNDA:1,(anonymous_18)
FNDA:2,(anonymous_19)
FNDA:0,(anonymous_20)
FNDA:0,(anonymous_21)
FNDA:0,(anonymous_22)
FNDA:3,(anonymous_23)
FNDA:1,(anonymous_24)
FNDA:2,(anonymous_25)
FNDA:2,(anonymous_26)
FNDA:0,(anonymous_27)
FNDA:2,(anonymous_28)
FNDA:8,(anonymous_29)
FNDA:3,(anonymous_30)
FNDA:0,(anonymous_31)
DA:1,1
DA:3,1
DA:4,1
DA:5,1
DA:13,1
DA:28,1
DA:30,1
DA:31,1
DA:32,1
DA:33,1
DA:34,1
DA:35,1
DA:39,1
DA:41,1
DA:43,1
DA:45,1
DA:47,1
DA:53,1
DA:61,3
DA:65,2
DA:69,0
DA:71,0
DA:72,0
DA:73,0
DA:75,0
DA:79,0
DA:80,0
DA:82,0
DA:83,0
DA:87,3
DA:91,2
DA:92,1
DA:94,1
DA:99,0
DA:104,0
DA:108,0
DA:127,0
DA:136,0
DA:137,0
DA:141,0
DA:142,0
DA:143,0
DA:151,0
DA:152,0
DA:154,0
DA:155,0
DA:156,0
DA:162,0
DA:163,0
DA:167,0
DA:171,0
DA:173,0
DA:174,0
DA:176,0
DA:178,0
DA:185,0
DA:186,0
DA:189,0
DA:205,0
DA:207,0
DA:209,0
DA:210,0
DA:211,0
DA:214,0
DA:215,0
DA:217,0
DA:218,0
DA:220,0
DA:221,0
DA:222,0
DA:223,0
DA:224,0
DA:225,0
DA:226,0
DA:228,0
DA:233,1
DA:235,1
DA:237,1
DA:238,1
DA:242,2
DA:243,5
DA:244,14
DA:245,1
DA:250,1
DA:254,0
DA:255,0
DA:259,0
DA:263,0
DA:264,0
DA:268,3
DA:269,1
DA:270,1
DA:273,2
DA:274,1
DA:275,1
DA:276,1
DA:281,1
DA:282,1
DA:286,2
DA:294,2
DA:295,6
DA:296,18
DA:297,18
DA:303,0
DA:307,2
DA:308,1
DA:311,1
DA:315,8
DA:317,8
DA:318,24
DA:323,3
DA:327,8
DA:328,24
DA:333,1
DA:337,8
DA:342,1
DA:345,8
DA:349,3
DA:350,3
DA:351,1
DA:352,2
DA:353,1
DA:356,3
DA:360,0
LF:124
LH:66
BRDA:3,0,0,1
BRDA:3,0,1,1
BRDA:91,1,0,1
BRDA:91,1,1,1
BRDA:185,2,0,0
BRDA:209,3,0,0
BRDA:220,4,0,0
BRDA:220,4,1,0
BRDA:224,5,0,0
BRDA:224,5,1,0
BRDA:244,6,0,1
BRDA:268,7,0,1
BRDA:268,8,0,3
BRDA:268,8,1,2
BRDA:273,9,0,1
BRDA:273,9,1,1
BRDA:275,10,0,1
BRDA:307,11,0,1
BRDA:318,12,0,3
BRDA:319,13,0,24
BRDA:319,13,1,13
BRDA:319,13,2,8
BRDA:328,14,0,1
BRDA:329,15,0,24
BRDA:329,15,1,11
BRDA:329,15,2,3
BRDA:337,16,0,1
BRDA:338,17,0,8
BRDA:338,17,1,4
BRDA:338,17,2,1
BRDA:350,18,0,1
BRDA:350,18,1,2
BRDA:352,19,0,1
BRF:33
BRH:27
end_of_record
